Flow report for final_project
Thu Apr 23 16:36:37 2015
Quartus II 64-Bit Version 13.0.1 Build 232 06/12/2013 Service Pack 1 SJ Web Edition


---------------------
; Table of Contents ;
---------------------
  1. Legal Notice
  2. Flow Summary
  3. Flow Settings
  4. Flow Non-Default Global Settings
  5. Flow Elapsed Time
  6. Flow OS Summary
  7. Flow Log
  8. Flow Messages
  9. Flow Suppressed Messages



----------------
; Legal Notice ;
----------------
Copyright (C) 1991-2013 Altera Corporation
Your use of Altera Corporation's design tools, logic functions 
and other software and tools, and its AMPP partner logic 
functions, and any output files from any of the foregoing 
(including device programming or simulation files), and any 
associated documentation or information are expressly subject 
to the terms and conditions of the Altera Program License 
Subscription Agreement, Altera MegaCore Function License 
Agreement, or other applicable license agreement, including, 
without limitation, that your use is for the sole purpose of 
programming logic devices manufactured by Altera and sold by 
Altera or its authorized distributors.  Please refer to the 
applicable agreement for further details.



+--------------------------------------------------------------------------------------+
; Flow Summary                                                                         ;
+------------------------------------+-------------------------------------------------+
; Flow Status                        ; Successful - Thu Apr 23 16:36:30 2015           ;
; Quartus II 64-Bit Version          ; 13.0.1 Build 232 06/12/2013 SP 1 SJ Web Edition ;
; Revision Name                      ; final_project                                   ;
; Top-level Entity Name              ; final_project                                   ;
; Family                             ; Cyclone IV E                                    ;
; Device                             ; EP4CE115F29C7                                   ;
; Timing Models                      ; Final                                           ;
; Total logic elements               ; 5,070 / 114,480 ( 4 % )                         ;
;     Total combinational functions  ; 4,602 / 114,480 ( 4 % )                         ;
;     Dedicated logic registers      ; 3,252 / 114,480 ( 3 % )                         ;
; Total registers                    ; 3371                                            ;
; Total pins                         ; 219 / 529 ( 41 % )                              ;
; Total virtual pins                 ; 0                                               ;
; Total memory bits                  ; 51,712 / 3,981,312 ( 1 % )                      ;
; Embedded Multiplier 9-bit elements ; 4 / 532 ( < 1 % )                               ;
; Total PLLs                         ; 1 / 4 ( 25 % )                                  ;
+------------------------------------+-------------------------------------------------+


+-----------------------------------------+
; Flow Settings                           ;
+-------------------+---------------------+
; Option            ; Setting             ;
+-------------------+---------------------+
; Start date & time ; 04/23/2015 16:35:11 ;
; Main task         ; Compilation         ;
; Revision Name     ; final_project       ;
+-------------------+---------------------+


+--------------------------------------------------------------------------------------------------------------------------------------------------------------------+
; Flow Non-Default Global Settings                                                                                                                                   ;
+-------------------------------------+---------------------------------------------------------------+---------------+---------------------------------+------------+
; Assignment Name                     ; Value                                                         ; Default Value ; Entity Name                     ; Section Id ;
+-------------------------------------+---------------------------------------------------------------+---------------+---------------------------------+------------+
; COMPILER_SIGNATURE_ID               ; 70835003977881.142982131103096                                ; --            ; --                              ; --         ;
; IP_TOOL_ENV                         ; Qsys                                                          ; --            ; altera_avalon_sc_fifo           ; --         ;
; IP_TOOL_ENV                         ; Qsys                                                          ; --            ; altera_merlin_burst_adapter     ; --         ;
; IP_TOOL_ENV                         ; Qsys                                                          ; --            ; altera_merlin_master_agent      ; --         ;
; IP_TOOL_ENV                         ; Qsys                                                          ; --            ; altera_merlin_master_translator ; --         ;
; IP_TOOL_ENV                         ; Qsys                                                          ; --            ; altera_merlin_slave_agent       ; --         ;
; IP_TOOL_ENV                         ; Qsys                                                          ; --            ; altera_merlin_slave_translator  ; --         ;
; IP_TOOL_ENV                         ; Qsys                                                          ; --            ; altera_merlin_traffic_limiter   ; --         ;
; IP_TOOL_ENV                         ; Qsys                                                          ; --            ; altera_merlin_width_adapter     ; --         ;
; IP_TOOL_ENV                         ; Qsys                                                          ; --            ; altera_reset_controller         ; --         ;
; IP_TOOL_ENV                         ; Qsys                                                          ; --            ; lcd_display                     ; --         ;
; IP_TOOL_ENV                         ; Qsys                                                          ; --            ; lcd_display_CPU                 ; --         ;
; IP_TOOL_ENV                         ; Qsys                                                          ; --            ; lcd_display_Interval_Timer      ; --         ;
; IP_TOOL_ENV                         ; Qsys                                                          ; --            ; lcd_display_JTAG_UART           ; --         ;
; IP_TOOL_ENV                         ; Qsys                                                          ; --            ; lcd_display_SDRAM               ; --         ;
; IP_TOOL_ENV                         ; Qsys                                                          ; --            ; lcd_display_addr_router         ; --         ;
; IP_TOOL_ENV                         ; Qsys                                                          ; --            ; lcd_display_addr_router_001     ; --         ;
; IP_TOOL_ENV                         ; Qsys                                                          ; --            ; lcd_display_bottom_row          ; --         ;
; IP_TOOL_ENV                         ; Qsys                                                          ; --            ; lcd_display_cmd_xbar_demux      ; --         ;
; IP_TOOL_ENV                         ; Qsys                                                          ; --            ; lcd_display_cmd_xbar_demux_001  ; --         ;
; IP_TOOL_ENV                         ; Qsys                                                          ; --            ; lcd_display_cmd_xbar_mux        ; --         ;
; IP_TOOL_ENV                         ; Qsys                                                          ; --            ; lcd_display_id_router           ; --         ;
; IP_TOOL_ENV                         ; Qsys                                                          ; --            ; lcd_display_id_router_005       ; --         ;
; IP_TOOL_ENV                         ; Qsys                                                          ; --            ; lcd_display_id_router_008       ; --         ;
; IP_TOOL_ENV                         ; Qsys                                                          ; --            ; lcd_display_id_router_009       ; --         ;
; IP_TOOL_ENV                         ; Qsys                                                          ; --            ; lcd_display_irq_mapper          ; --         ;
; IP_TOOL_ENV                         ; Qsys                                                          ; --            ; lcd_display_location            ; --         ;
; IP_TOOL_ENV                         ; Qsys                                                          ; --            ; lcd_display_rsp_xbar_demux      ; --         ;
; IP_TOOL_ENV                         ; Qsys                                                          ; --            ; lcd_display_rsp_xbar_demux_005  ; --         ;
; IP_TOOL_ENV                         ; Qsys                                                          ; --            ; lcd_display_rsp_xbar_mux        ; --         ;
; IP_TOOL_ENV                         ; Qsys                                                          ; --            ; lcd_display_rsp_xbar_mux_001    ; --         ;
; IP_TOOL_ENV                         ; Qsys                                                          ; --            ; lcd_display_sysid               ; --         ;
; IP_TOOL_ENV                         ; Qsys                                                          ; --            ; lcd_display_top_row             ; --         ;
; IP_TOOL_NAME                        ; altera_avalon_sc_fifo                                         ; --            ; altera_avalon_sc_fifo           ; --         ;
; IP_TOOL_NAME                        ; altera_merlin_burst_adapter                                   ; --            ; altera_merlin_burst_adapter     ; --         ;
; IP_TOOL_NAME                        ; altera_merlin_master_agent                                    ; --            ; altera_merlin_master_agent      ; --         ;
; IP_TOOL_NAME                        ; altera_merlin_master_translator                               ; --            ; altera_merlin_master_translator ; --         ;
; IP_TOOL_NAME                        ; altera_merlin_slave_agent                                     ; --            ; altera_merlin_slave_agent       ; --         ;
; IP_TOOL_NAME                        ; altera_merlin_slave_translator                                ; --            ; altera_merlin_slave_translator  ; --         ;
; IP_TOOL_NAME                        ; altera_merlin_traffic_limiter                                 ; --            ; altera_merlin_traffic_limiter   ; --         ;
; IP_TOOL_NAME                        ; altera_merlin_width_adapter                                   ; --            ; altera_merlin_width_adapter     ; --         ;
; IP_TOOL_NAME                        ; altera_reset_controller                                       ; --            ; altera_reset_controller         ; --         ;
; IP_TOOL_NAME                        ; Qsys                                                          ; --            ; lcd_display                     ; --         ;
; IP_TOOL_NAME                        ; altera_nios2_qsys                                             ; --            ; lcd_display_CPU                 ; --         ;
; IP_TOOL_NAME                        ; altera_avalon_timer                                           ; --            ; lcd_display_Interval_Timer      ; --         ;
; IP_TOOL_NAME                        ; altera_avalon_jtag_uart                                       ; --            ; lcd_display_JTAG_UART           ; --         ;
; IP_TOOL_NAME                        ; altera_avalon_new_sdram_controller                            ; --            ; lcd_display_SDRAM               ; --         ;
; IP_TOOL_NAME                        ; altera_merlin_router                                          ; --            ; lcd_display_addr_router         ; --         ;
; IP_TOOL_NAME                        ; altera_merlin_router                                          ; --            ; lcd_display_addr_router_001     ; --         ;
; IP_TOOL_NAME                        ; altera_avalon_pio                                             ; --            ; lcd_display_bottom_row          ; --         ;
; IP_TOOL_NAME                        ; altera_merlin_demultiplexer                                   ; --            ; lcd_display_cmd_xbar_demux      ; --         ;
; IP_TOOL_NAME                        ; altera_merlin_demultiplexer                                   ; --            ; lcd_display_cmd_xbar_demux_001  ; --         ;
; IP_TOOL_NAME                        ; altera_merlin_multiplexer                                     ; --            ; lcd_display_cmd_xbar_mux        ; --         ;
; IP_TOOL_NAME                        ; altera_merlin_router                                          ; --            ; lcd_display_id_router           ; --         ;
; IP_TOOL_NAME                        ; altera_merlin_router                                          ; --            ; lcd_display_id_router_005       ; --         ;
; IP_TOOL_NAME                        ; altera_merlin_router                                          ; --            ; lcd_display_id_router_008       ; --         ;
; IP_TOOL_NAME                        ; altera_merlin_router                                          ; --            ; lcd_display_id_router_009       ; --         ;
; IP_TOOL_NAME                        ; altera_irq_mapper                                             ; --            ; lcd_display_irq_mapper          ; --         ;
; IP_TOOL_NAME                        ; altera_avalon_pio                                             ; --            ; lcd_display_location            ; --         ;
; IP_TOOL_NAME                        ; altera_merlin_demultiplexer                                   ; --            ; lcd_display_rsp_xbar_demux      ; --         ;
; IP_TOOL_NAME                        ; altera_merlin_demultiplexer                                   ; --            ; lcd_display_rsp_xbar_demux_005  ; --         ;
; IP_TOOL_NAME                        ; altera_merlin_multiplexer                                     ; --            ; lcd_display_rsp_xbar_mux        ; --         ;
; IP_TOOL_NAME                        ; altera_merlin_multiplexer                                     ; --            ; lcd_display_rsp_xbar_mux_001    ; --         ;
; IP_TOOL_NAME                        ; altera_avalon_sysid_qsys                                      ; --            ; lcd_display_sysid               ; --         ;
; IP_TOOL_NAME                        ; altera_avalon_pio                                             ; --            ; lcd_display_top_row             ; --         ;
; IP_TOOL_VERSION                     ; 13.0                                                          ; --            ; altera_avalon_sc_fifo           ; --         ;
; IP_TOOL_VERSION                     ; 13.0                                                          ; --            ; altera_merlin_burst_adapter     ; --         ;
; IP_TOOL_VERSION                     ; 13.0                                                          ; --            ; altera_merlin_master_agent      ; --         ;
; IP_TOOL_VERSION                     ; 13.0                                                          ; --            ; altera_merlin_master_translator ; --         ;
; IP_TOOL_VERSION                     ; 13.0                                                          ; --            ; altera_merlin_slave_agent       ; --         ;
; IP_TOOL_VERSION                     ; 13.0                                                          ; --            ; altera_merlin_slave_translator  ; --         ;
; IP_TOOL_VERSION                     ; 13.0                                                          ; --            ; altera_merlin_traffic_limiter   ; --         ;
; IP_TOOL_VERSION                     ; 13.0                                                          ; --            ; altera_merlin_width_adapter     ; --         ;
; IP_TOOL_VERSION                     ; 13.0                                                          ; --            ; altera_reset_controller         ; --         ;
; IP_TOOL_VERSION                     ; 13.0sp1                                                       ; --            ; lcd_display                     ; --         ;
; IP_TOOL_VERSION                     ; 13.0                                                          ; --            ; lcd_display_CPU                 ; --         ;
; IP_TOOL_VERSION                     ; 13.0.1.99.2                                                   ; --            ; lcd_display_Interval_Timer      ; --         ;
; IP_TOOL_VERSION                     ; 13.0.1.99.2                                                   ; --            ; lcd_display_JTAG_UART           ; --         ;
; IP_TOOL_VERSION                     ; 13.0.1.99.2                                                   ; --            ; lcd_display_SDRAM               ; --         ;
; IP_TOOL_VERSION                     ; 13.0                                                          ; --            ; lcd_display_addr_router         ; --         ;
; IP_TOOL_VERSION                     ; 13.0                                                          ; --            ; lcd_display_addr_router_001     ; --         ;
; IP_TOOL_VERSION                     ; 13.0.1.99.2                                                   ; --            ; lcd_display_bottom_row          ; --         ;
; IP_TOOL_VERSION                     ; 13.0                                                          ; --            ; lcd_display_cmd_xbar_demux      ; --         ;
; IP_TOOL_VERSION                     ; 13.0                                                          ; --            ; lcd_display_cmd_xbar_demux_001  ; --         ;
; IP_TOOL_VERSION                     ; 13.0                                                          ; --            ; lcd_display_cmd_xbar_mux        ; --         ;
; IP_TOOL_VERSION                     ; 13.0                                                          ; --            ; lcd_display_id_router           ; --         ;
; IP_TOOL_VERSION                     ; 13.0                                                          ; --            ; lcd_display_id_router_005       ; --         ;
; IP_TOOL_VERSION                     ; 13.0                                                          ; --            ; lcd_display_id_router_008       ; --         ;
; IP_TOOL_VERSION                     ; 13.0                                                          ; --            ; lcd_display_id_router_009       ; --         ;
; IP_TOOL_VERSION                     ; 13.0                                                          ; --            ; lcd_display_irq_mapper          ; --         ;
; IP_TOOL_VERSION                     ; 13.0.1.99.2                                                   ; --            ; lcd_display_location            ; --         ;
; IP_TOOL_VERSION                     ; 13.0                                                          ; --            ; lcd_display_rsp_xbar_demux      ; --         ;
; IP_TOOL_VERSION                     ; 13.0                                                          ; --            ; lcd_display_rsp_xbar_demux_005  ; --         ;
; IP_TOOL_VERSION                     ; 13.0                                                          ; --            ; lcd_display_rsp_xbar_mux        ; --         ;
; IP_TOOL_VERSION                     ; 13.0                                                          ; --            ; lcd_display_rsp_xbar_mux_001    ; --         ;
; IP_TOOL_VERSION                     ; 13.0                                                          ; --            ; lcd_display_sysid               ; --         ;
; IP_TOOL_VERSION                     ; 13.0.1.99.2                                                   ; --            ; lcd_display_top_row             ; --         ;
; MAX_CORE_JUNCTION_TEMP              ; 85                                                            ; --            ; --                              ; --         ;
; MIN_CORE_JUNCTION_TEMP              ; 0                                                             ; --            ; --                              ; --         ;
; MISC_FILE                           ; lcd_display/synthesis/../../lcd_display.cmp                   ; --            ; --                              ; --         ;
; MISC_FILE                           ; lcd_display/synthesis/../../lcd_display.qsys                  ; --            ; --                              ; --         ;
; NOMINAL_CORE_SUPPLY_VOLTAGE         ; 1.2V                                                          ; --            ; --                              ; --         ;
; PARTITION_COLOR                     ; 16764057                                                      ; --            ; --                              ; Top        ;
; PARTITION_FITTER_PRESERVATION_LEVEL ; PLACEMENT_AND_ROUTING                                         ; --            ; --                              ; Top        ;
; PARTITION_NETLIST_TYPE              ; SOURCE                                                        ; --            ; --                              ; Top        ;
; POWER_BOARD_THERMAL_MODEL           ; None (CONSERVATIVE)                                           ; --            ; --                              ; --         ;
; POWER_PRESET_COOLING_SOLUTION       ; 23 MM HEAT SINK WITH 200 LFPM AIRFLOW                         ; --            ; --                              ; --         ;
; PROJECT_OUTPUT_DIRECTORY            ; output_files                                                  ; --            ; --                              ; --         ;
; SLD_INFO                            ; QSYS_NAME lcd_display HAS_SOPCINFO 1 GENERATION_ID 1429817243 ; --            ; lcd_display                     ; --         ;
; SOPCINFO_FILE                       ; lcd_display/synthesis/../../lcd_display.sopcinfo              ; --            ; --                              ; --         ;
; SYNTHESIS_ONLY_QIP                  ; On                                                            ; --            ; --                              ; --         ;
; VHDL_INPUT_VERSION                  ; VHDL_2008                                                     ; VHDL_1993     ; --                              ; --         ;
; VHDL_SHOW_LMF_MAPPING_MESSAGES      ; Off                                                           ; --            ; --                              ; --         ;
+-------------------------------------+---------------------------------------------------------------+---------------+---------------------------------+------------+


+-------------------------------------------------------------------------------------------------------------------------------+
; Flow Elapsed Time                                                                                                             ;
+---------------------------+--------------+-------------------------+---------------------+------------------------------------+
; Module Name               ; Elapsed Time ; Average Processors Used ; Peak Virtual Memory ; Total CPU Time (on all processors) ;
+---------------------------+--------------+-------------------------+---------------------+------------------------------------+
; Analysis & Synthesis      ; 00:00:32     ; 1.0                     ; 679 MB              ; 00:00:26                           ;
; Fitter                    ; 00:00:34     ; 1.4                     ; 1320 MB             ; 00:00:43                           ;
; Assembler                 ; 00:00:06     ; 1.0                     ; 453 MB              ; 00:00:05                           ;
; TimeQuest Timing Analyzer ; 00:00:06     ; 1.5                     ; 615 MB              ; 00:00:06                           ;
; Total                     ; 00:01:18     ; --                      ; --                  ; 00:01:20                           ;
+---------------------------+--------------+-------------------------+---------------------+------------------------------------+


+----------------------------------------------------------------------------------------+
; Flow OS Summary                                                                        ;
+---------------------------+------------------+-----------+------------+----------------+
; Module Name               ; Machine Hostname ; OS Name   ; OS Version ; Processor type ;
+---------------------------+------------------+-----------+------------+----------------+
; Analysis & Synthesis      ; Eigen            ; Windows 7 ; 6.1        ; x86_64         ;
; Fitter                    ; Eigen            ; Windows 7 ; 6.1        ; x86_64         ;
; Assembler                 ; Eigen            ; Windows 7 ; 6.1        ; x86_64         ;
; TimeQuest Timing Analyzer ; Eigen            ; Windows 7 ; 6.1        ; x86_64         ;
+---------------------------+------------------+-----------+------------+----------------+


------------
; Flow Log ;
------------
quartus_map --read_settings_files=on --write_settings_files=off final_project -c final_project
quartus_fit --read_settings_files=off --write_settings_files=off final_project -c final_project
quartus_asm --read_settings_files=off --write_settings_files=off final_project -c final_project
quartus_sta final_project -c final_project



